<?xml version="1.0" encoding="UTF-8"?>
<!-- Generated by org.testng.reporters.JUnitReportReporter -->
<testsuite hostname="XE-T-VIJAYKUM" name="TestCases.ChangePasswordTest" tests="3" failures="0" timestamp="9 Apr 2018 10:24:22 GMT" time="51.905" errors="0">
  <testcase name="verifyChangePassword_WithCorrectOldPassword" time="18.122" classname="TestCases.ChangePasswordTest"/>
  <testcase name="verifyChangePassword_IncorrectOldPassword_SM1" time="20.637" classname="TestCases.ChangePasswordTest"/>
  <testcase name="verifyLoginFromNewPassword" time="13.146" classname="TestCases.ChangePasswordTest"/>
</testsuite> <!-- TestCases.ChangePasswordTest -->
