<?xml version="1.0" encoding="UTF-8"?>
<!-- Generated by org.testng.reporters.JUnitReportReporter -->
<testsuite hostname="XE-T-VIJAYKUM" name="TestCases.LoginTest" tests="4" failures="0" timestamp="11 May 2018 16:48:22 GMT" time="0.021" errors="0">
  <testcase name="verifyLogin" time="0.001" classname="TestCases.LoginTest"/>
  <testcase name="verifyLogin" time="0.016" classname="TestCases.LoginTest"/>
  <testcase name="verifyLogin" time="0.001" classname="TestCases.LoginTest"/>
  <testcase name="verifyLogin" time="0.003" classname="TestCases.LoginTest"/>
</testsuite> <!-- TestCases.LoginTest -->
