<?xml version="1.0" encoding="UTF-8"?>
<!-- Generated by org.testng.reporters.JUnitReportReporter -->
<testsuite hostname="XE-T-VIJAYKUM" name="TestCases.AddCustomerAndAccount" tests="1" failures="0" timestamp="17 Apr 2018 10:11:55 GMT" time="17.453" errors="0">
  <testcase name="VerifyAddingNewCustomer_SM4" time="17.453" classname="TestCases.AddCustomerAndAccount"/>
</testsuite> <!-- TestCases.AddCustomerAndAccount -->
